<?xml version="1.0" encoding="UTF-8"?>
<!-- Generated by org.testng.reporters.JUnitReportReporter -->
<testsuite hostname="Khaleds-MacBook-Pro.local" failures="0" tests="2" name="Action.TestOrangHRM" time="7.201" errors="1" timestamp="2024-04-24T10:41:59 EDT" skipped="0">
  <testcase classname="Action.TestOrangHRM" name="Login" time="7.194"/>
  <testcase classname="Action.TestOrangHRM" name="closeBrowser" time="0.007">
    <error type="java.lang.StackOverflowError">
      <![CDATA[java.lang.StackOverflowError
at Action.TestOrangHRM.closeBrowser(TestOrangHRM.java:25)
at Action.TestOrangHRM.closeBrowser(TestOrangHRM.java:25)
at Action.TestOrangHRM.closeBrowser(TestOrangHRM.java:25)
at Action.TestOrangHRM.closeBrowser(TestOrangHRM.java:25)
at Action.TestOrangHRM.closeBrowser(TestOrangHRM.java:25)
at Action.TestOrangHRM.closeBrowser(TestOrangHRM.java:25)
at Action.TestOrangHRM.closeBrowser(TestOrangHRM.java:25)
at Action.TestOrangHRM.closeBrowser(TestOrangHRM.java:25)
at Action.TestOrangHRM.closeBrowser(TestOrangHRM.java:25)
at Action.TestOrangHRM.closeBrowser(TestOrangHRM.java:25)
at Action.TestOrangHRM.closeBrowser(TestOrangHRM.java:25)
at Action.TestOrangHRM.closeBrowser(TestOrangHRM.java:25)
at Action.TestOrangHRM.closeBrowser(TestOrangHRM.java:25)
at Action.TestOrangHRM.closeBrowser(TestOrangHRM.java:25)
at Action.TestOrangHRM.closeBrowser(TestOrangHRM.java:25)
at Action.TestOrangHRM.closeBrowser(TestOrangHRM.java:25)
at Action.TestOrangHRM.closeBrowser(TestOrangHRM.java:25)
at Action.TestOrangHRM.closeBrowser(TestOrangHRM.java:25)
at Action.TestOrangHRM.closeBrowser(TestOrangHRM.java:25)
at Action.TestOrangHRM.closeBrowser(TestOrangHRM.java:25)
at Action.TestOrangHRM.closeBrowser(TestOrangHRM.java:25)
at Action.TestOrangHRM.closeBrowser(TestOrangHRM.java:25)
at Action.TestOrangHRM.closeBrowser(TestOrangHRM.java:25)
at Action.TestOrangHRM.closeBrowser(TestOrangHRM.java:25)
at Action.TestOrangHRM.closeBrowser(TestOrangHRM.java:25)
at Action.TestOrangHRM.closeBrowser(TestOrangHRM.java:25)
at Action.TestOrangHRM.closeBrowser(TestOrangHRM.java:25)
at Action.TestOrangHRM.closeBrowser(TestOrangHRM.java:25)
at Action.TestOrangHRM.closeBrowser(TestOrangHRM.java:25)
at Action.TestOrangHRM.closeBrowser(TestOrangHRM.java:25)
at Action.TestOrangHRM.closeBrowser(TestOrangHRM.java:25)
at Action.TestOrangHRM.closeBrowser(TestOrangHRM.java:25)
at Action.TestOrangHRM.closeBrowser(TestOrangHRM.java:25)
at Action.TestOrangHRM.closeBrowser(TestOrangHRM.java:25)
at Action.TestOrangHRM.closeBrowser(TestOrangHRM.java:25)
at Action.TestOrangHRM.closeBrowser(TestOrangHRM.java:25)
at Action.TestOrangHRM.closeBrowser(TestOrangHRM.java:25)
at Action.TestOrangHRM.closeBrowser(TestOrangHRM.java:25)
at Action.TestOrangHRM.closeBrowser(TestOrangHRM.java:25)
at Action.TestOrangHRM.closeBrowser(TestOrangHRM.java:25)
at Action.TestOrangHRM.closeBrowser(TestOrangHRM.java:25)
at Action.TestOrangHRM.closeBrowser(TestOrangHRM.java:25)
at Action.TestOrangHRM.closeBrowser(TestOrangHRM.java:25)
at Action.TestOrangHRM.closeBrowser(TestOrangHRM.java:25)
at Action.TestOrangHRM.closeBrowser(TestOrangHRM.java:25)
at Action.TestOrangHRM.closeBrowser(TestOrangHRM.java:25)
at Action.TestOrangHRM.closeBrowser(TestOrangHRM.java:25)
at Action.TestOrangHRM.closeBrowser(TestOrangHRM.java:25)
at Action.TestOrangHRM.closeBrowser(TestOrangHRM.java:25)
at Action.TestOrangHRM.closeBrowser(TestOrangHRM.java:25)
at Action.TestOrangHRM.closeBrowser(TestOrangHRM.java:25)
at Action.TestOrangHRM.closeBrowser(TestOrangHRM.java:25)
at Action.TestOrangHRM.closeBrowser(TestOrangHRM.java:25)
at Action.TestOrangHRM.closeBrowser(TestOrangHRM.java:25)
at Action.TestOrangHRM.closeBrowser(TestOrangHRM.java:25)
at Action.TestOrangHRM.closeBrowser(TestOrangHRM.java:25)
at Action.TestOrangHRM.closeBrowser(TestOrangHRM.java:25)
at Action.TestOrangHRM.closeBrowser(TestOrangHRM.java:25)
at Action.TestOrangHRM.closeBrowser(TestOrangHRM.java:25)
at Action.TestOrangHRM.closeBrowser(TestOrangHRM.java:25)
at Action.TestOrangHRM.closeBrowser(TestOrangHRM.java:25)
at Action.TestOrangHRM.closeBrowser(TestOrangHRM.java:25)
at Action.TestOrangHRM.closeBrowser(TestOrangHRM.java:25)
at Action.TestOrangHRM.closeBrowser(TestOrangHRM.java:25)
at Action.TestOrangHRM.closeBrowser(TestOrangHRM.java:25)
at Action.TestOrangHRM.closeBrowser(TestOrangHRM.java:25)
at Action.TestOrangHRM.closeBrowser(TestOrangHRM.java:25)
at Action.TestOrangHRM.closeBrowser(TestOrangHRM.java:25)
at Action.TestOrangHRM.closeBrowser(TestOrangHRM.java:25)
at Action.TestOrangHRM.closeBrowser(TestOrangHRM.java:25)
at Action.TestOrangHRM.closeBrowser(TestOrangHRM.java:25)
at Action.TestOrangHRM.closeBrowser(TestOrangHRM.java:25)
at Action.TestOrangHRM.closeBrowser(TestOrangHRM.java:25)
at Action.TestOrangHRM.closeBrowser(TestOrangHRM.java:25)
at Action.TestOrangHRM.closeBrowser(TestOrangHRM.java:25)
at Action.TestOrangHRM.closeBrowser(TestOrangHRM.java:25)
at Action.TestOrangHRM.closeBrowser(TestOrangHRM.java:25)
at Action.TestOrangHRM.closeBrowser(TestOrangHRM.java:25)
at Action.TestOrangHRM.closeBrowser(TestOrangHRM.java:25)
at Action.TestOrangHRM.closeBrowser(TestOrangHRM.java:25)
at Action.TestOrangHRM.closeBrowser(TestOrangHRM.java:25)
at Action.TestOrangHRM.closeBrowser(TestOrangHRM.java:25)
at Action.TestOrangHRM.closeBrowser(TestOrangHRM.java:25)
at Action.TestOrangHRM.closeBrowser(TestOrangHRM.java:25)
at Action.TestOrangHRM.closeBrowser(TestOrangHRM.java:25)
at Action.TestOrangHRM.closeBrowser(TestOrangHRM.java:25)
at Action.TestOrangHRM.closeBrowser(TestOrangHRM.java:25)
at Action.TestOrangHRM.closeBrowser(TestOrangHRM.java:25)
at Action.TestOrangHRM.closeBrowser(TestOrangHRM.java:25)
at Action.TestOrangHRM.closeBrowser(TestOrangHRM.java:25)
at Action.TestOrangHRM.closeBrowser(TestOrangHRM.java:25)
at Action.TestOrangHRM.closeBrowser(TestOrangHRM.java:25)
at Action.TestOrangHRM.closeBrowser(TestOrangHRM.java:25)
at Action.TestOrangHRM.closeBrowser(TestOrangHRM.java:25)
at Action.TestOrangHRM.closeBrowser(TestOrangHRM.java:25)
at Action.TestOrangHRM.closeBrowser(TestOrangHRM.java:25)
at Action.TestOrangHRM.closeBrowser(TestOrangHRM.java:25)
at Action.TestOrangHRM.closeBrowser(TestOrangHRM.java:25)
at Action.TestOrangHRM.closeBrowser(TestOrangHRM.java:25)
at Action.TestOrangHRM.closeBrowser(TestOrangHRM.java:25)
at Action.TestOrangHRM.closeBrowser(TestOrangHRM.java:25)
at Action.TestOrangHRM.closeBrowser(TestOrangHRM.java:25)
at Action.TestOrangHRM.closeBrowser(TestOrangHRM.java:25)
at Action.TestOrangHRM.closeBrowser(TestOrangHRM.java:25)
at Action.TestOrangHRM.closeBrowser(TestOrangHRM.java:25)
at Action.TestOrangHRM.closeBrowser(TestOrangHRM.java:25)
at Action.TestOrangHRM.closeBrowser(TestOrangHRM.java:25)
at Action.TestOrangHRM.closeBrowser(TestOrangHRM.java:25)
at Action.TestOrangHRM.closeBrowser(TestOrangHRM.java:25)
at Action.TestOrangHRM.closeBrowser(TestOrangHRM.java:25)
at Action.TestOrangHRM.closeBrowser(TestOrangHRM.java:25)
at Action.TestOrangHRM.closeBrowser(TestOrangHRM.java:25)
at Action.TestOrangHRM.closeBrowser(TestOrangHRM.java:25)
at Action.TestOrangHRM.closeBrowser(TestOrangHRM.java:25)
at Action.TestOrangHRM.closeBrowser(TestOrangHRM.java:25)
at Action.TestOrangHRM.closeBrowser(TestOrangHRM.java:25)
at Action.TestOrangHRM.closeBrowser(TestOrangHRM.java:25)
at Action.TestOrangHRM.closeBrowser(TestOrangHRM.java:25)
at Action.TestOrangHRM.closeBrowser(TestOrangHRM.java:25)
at Action.TestOrangHRM.closeBrowser(TestOrangHRM.java:25)
at Action.TestOrangHRM.closeBrowser(TestOrangHRM.java:25)
at Action.TestOrangHRM.closeBrowser(TestOrangHRM.java:25)
at Action.TestOrangHRM.closeBrowser(TestOrangHRM.java:25)
at Action.TestOrangHRM.closeBrowser(TestOrangHRM.java:25)
at Action.TestOrangHRM.closeBrowser(TestOrangHRM.java:25)
at Action.TestOrangHRM.closeBrowser(TestOrangHRM.java:25)
at Action.TestOrangHRM.closeBrowser(TestOrangHRM.java:25)
at Action.TestOrangHRM.closeBrowser(TestOrangHRM.java:25)
at Action.TestOrangHRM.closeBrowser(TestOrangHRM.java:25)
at Action.TestOrangHRM.closeBrowser(TestOrangHRM.java:25)
at Action.TestOrangHRM.closeBrowser(TestOrangHRM.java:25)
at Action.TestOrangHRM.closeBrowser(TestOrangHRM.java:25)
at Action.TestOrangHRM.closeBrowser(TestOrangHRM.java:25)
at Action.TestOrangHRM.closeBrowser(TestOrangHRM.java:25)
at Action.TestOrangHRM.closeBrowser(TestOrangHRM.java:25)
at Action.TestOrangHRM.closeBrowser(TestOrangHRM.java:25)
at Action.TestOrangHRM.closeBrowser(TestOrangHRM.java:25)
at Action.TestOrangHRM.closeBrowser(TestOrangHRM.java:25)
at Action.TestOrangHRM.closeBrowser(TestOrangHRM.java:25)
at Action.TestOrangHRM.closeBrowser(TestOrangHRM.java:25)
at Action.TestOrangHRM.closeBrowser(TestOrangHRM.java:25)
at Action.TestOrangHRM.closeBrowser(TestOrangHRM.java:25)
at Action.TestOrangHRM.closeBrowser(TestOrangHRM.java:25)
at Action.TestOrangHRM.closeBrowser(TestOrangHRM.java:25)
at Action.TestOrangHRM.closeBrowser(TestOrangHRM.java:25)
at Action.TestOrangHRM.closeBrowser(TestOrangHRM.java:25)
at Action.TestOrangHRM.closeBrowser(TestOrangHRM.java:25)
at Action.TestOrangHRM.closeBrowser(TestOrangHRM.java:25)
at Action.TestOrangHRM.closeBrowser(TestOrangHRM.java:25)
at Action.TestOrangHRM.closeBrowser(TestOrangHRM.java:25)
at Action.TestOrangHRM.closeBrowser(TestOrangHRM.java:25)
at Action.TestOrangHRM.closeBrowser(TestOrangHRM.java:25)
at Action.TestOrangHRM.closeBrowser(TestOrangHRM.java:25)
at Action.TestOrangHRM.closeBrowser(TestOrangHRM.java:25)
at Action.TestOrangHRM.closeBrowser(TestOrangHRM.java:25)
at Action.TestOrangHRM.closeBrowser(TestOrangHRM.java:25)
at Action.TestOrangHRM.closeBrowser(TestOrangHRM.java:25)
at Action.TestOrangHRM.closeBrowser(TestOrangHRM.java:25)
at Action.TestOrangHRM.closeBrowser(TestOrangHRM.java:25)
at Action.TestOrangHRM.closeBrowser(TestOrangHRM.java:25)
at Action.TestOrangHRM.closeBrowser(TestOrangHRM.java:25)
at Action.TestOrangHRM.closeBrowser(TestOrangHRM.java:25)
at Action.TestOrangHRM.closeBrowser(TestOrangHRM.java:25)
at Action.TestOrangHRM.closeBrowser(TestOrangHRM.java:25)
at Action.TestOrangHRM.closeBrowser(TestOrangHRM.java:25)
at Action.TestOrangHRM.closeBrowser(TestOrangHRM.java:25)
at Action.TestOrangHRM.closeBrowser(TestOrangHRM.java:25)
at Action.TestOrangHRM.closeBrowser(TestOrangHRM.java:25)
at Action.TestOrangHRM.closeBrowser(TestOrangHRM.java:25)
at Action.TestOrangHRM.closeBrowser(TestOrangHRM.java:25)
at Action.TestOrangHRM.closeBrowser(TestOrangHRM.java:25)
at Action.TestOrangHRM.closeBrowser(TestOrangHRM.java:25)
at Action.TestOrangHRM.closeBrowser(TestOrangHRM.java:25)
at Action.TestOrangHRM.closeBrowser(TestOrangHRM.java:25)
at Action.TestOrangHRM.closeBrowser(TestOrangHRM.java:25)
at Action.TestOrangHRM.closeBrowser(TestOrangHRM.java:25)
at Action.TestOrangHRM.closeBrowser(TestOrangHRM.java:25)
at Action.TestOrangHRM.closeBrowser(TestOrangHRM.java:25)
at Action.TestOrangHRM.closeBrowser(TestOrangHRM.java:25)
at Action.TestOrangHRM.closeBrowser(TestOrangHRM.java:25)
at Action.TestOrangHRM.closeBrowser(TestOrangHRM.java:25)
at Action.TestOrangHRM.closeBrowser(TestOrangHRM.java:25)
at Action.TestOrangHRM.closeBrowser(TestOrangHRM.java:25)
at Action.TestOrangHRM.closeBrowser(TestOrangHRM.java:25)
at Action.TestOrangHRM.closeBrowser(TestOrangHRM.java:25)
at Action.TestOrangHRM.closeBrowser(TestOrangHRM.java:25)
at Action.TestOrangHRM.closeBrowser(TestOrangHRM.java:25)
at Action.TestOrangHRM.closeBrowser(TestOrangHRM.java:25)
at Action.TestOrangHRM.closeBrowser(TestOrangHRM.java:25)
at Action.TestOrangHRM.closeBrowser(TestOrangHRM.java:25)
at Action.TestOrangHRM.closeBrowser(TestOrangHRM.java:25)
at Action.TestOrangHRM.closeBrowser(TestOrangHRM.java:25)
at Action.TestOrangHRM.closeBrowser(TestOrangHRM.java:25)
at Action.TestOrangHRM.closeBrowser(TestOrangHRM.java:25)
at Action.TestOrangHRM.closeBrowser(TestOrangHRM.java:25)
at Action.TestOrangHRM.closeBrowser(TestOrangHRM.java:25)
at Action.TestOrangHRM.closeBrowser(TestOrangHRM.java:25)
at Action.TestOrangHRM.closeBrowser(TestOrangHRM.java:25)
at Action.TestOrangHRM.closeBrowser(TestOrangHRM.java:25)
at Action.TestOrangHRM.closeBrowser(TestOrangHRM.java:25)
at Action.TestOrangHRM.closeBrowser(TestOrangHRM.java:25)
at Action.TestOrangHRM.closeBrowser(TestOrangHRM.java:25)
at Action.TestOrangHRM.closeBrowser(TestOrangHRM.java:25)
at Action.TestOrangHRM.closeBrowser(TestOrangHRM.java:25)
at Action.TestOrangHRM.closeBrowser(TestOrangHRM.java:25)
at Action.TestOrangHRM.closeBrowser(TestOrangHRM.java:25)
at Action.TestOrangHRM.closeBrowser(TestOrangHRM.java:25)
at Action.TestOrangHRM.closeBrowser(TestOrangHRM.java:25)
at Action.TestOrangHRM.closeBrowser(TestOrangHRM.java:25)
at Action.TestOrangHRM.closeBrowser(TestOrangHRM.java:25)
at Action.TestOrangHRM.closeBrowser(TestOrangHRM.java:25)
at Action.TestOrangHRM.closeBrowser(TestOrangHRM.java:25)
at Action.TestOrangHRM.closeBrowser(TestOrangHRM.java:25)
at Action.TestOrangHRM.closeBrowser(TestOrangHRM.java:25)
at Action.TestOrangHRM.closeBrowser(TestOrangHRM.java:25)
at Action.TestOrangHRM.closeBrowser(TestOrangHRM.java:25)
at Action.TestOrangHRM.closeBrowser(TestOrangHRM.java:25)
at Action.TestOrangHRM.closeBrowser(TestOrangHRM.java:25)
at Action.TestOrangHRM.closeBrowser(TestOrangHRM.java:25)
at Action.TestOrangHRM.closeBrowser(TestOrangHRM.java:25)
at Action.TestOrangHRM.closeBrowser(TestOrangHRM.java:25)
at Action.TestOrangHRM.closeBrowser(TestOrangHRM.java:25)
at Action.TestOrangHRM.closeBrowser(TestOrangHRM.java:25)
at Action.TestOrangHRM.closeBrowser(TestOrangHRM.java:25)
at Action.TestOrangHRM.closeBrowser(TestOrangHRM.java:25)
at Action.TestOrangHRM.closeBrowser(TestOrangHRM.java:25)
at Action.TestOrangHRM.closeBrowser(TestOrangHRM.java:25)
at Action.TestOrangHRM.closeBrowser(TestOrangHRM.java:25)
at Action.TestOrangHRM.closeBrowser(TestOrangHRM.java:25)
at Action.TestOrangHRM.closeBrowser(TestOrangHRM.java:25)
at Action.TestOrangHRM.closeBrowser(TestOrangHRM.java:25)
at Action.TestOrangHRM.closeBrowser(TestOrangHRM.java:25)
at Action.TestOrangHRM.closeBrowser(TestOrangHRM.java:25)
at Action.TestOrangHRM.closeBrowser(TestOrangHRM.java:25)
at Action.TestOrangHRM.closeBrowser(TestOrangHRM.java:25)
at Action.TestOrangHRM.closeBrowser(TestOrangHRM.java:25)
at Action.TestOrangHRM.closeBrowser(TestOrangHRM.java:25)
at Action.TestOrangHRM.closeBrowser(TestOrangHRM.java:25)
at Action.TestOrangHRM.closeBrowser(TestOrangHRM.java:25)
at Action.TestOrangHRM.closeBrowser(TestOrangHRM.java:25)
at Action.TestOrangHRM.closeBrowser(TestOrangHRM.java:25)
at Action.TestOrangHRM.closeBrowser(TestOrangHRM.java:25)
at Action.TestOrangHRM.closeBrowser(TestOrangHRM.java:25)
at Action.TestOrangHRM.closeBrowser(TestOrangHRM.java:25)
at Action.TestOrangHRM.closeBrowser(TestOrangHRM.java:25)
at Action.TestOrangHRM.closeBrowser(TestOrangHRM.java:25)
at Action.TestOrangHRM.closeBrowser(TestOrangHRM.java:25)
at Action.TestOrangHRM.closeBrowser(TestOrangHRM.java:25)
at Action.TestOrangHRM.closeBrowser(TestOrangHRM.java:25)
at Action.TestOrangHRM.closeBrowser(TestOrangHRM.java:25)
at Action.TestOrangHRM.closeBrowser(TestOrangHRM.java:25)
at Action.TestOrangHRM.closeBrowser(TestOrangHRM.java:25)
at Action.TestOrangHRM.closeBrowser(TestOrangHRM.java:25)
at Action.TestOrangHRM.closeBrowser(TestOrangHRM.java:25)
at Action.TestOrangHRM.closeBrowser(TestOrangHRM.java:25)
at Action.TestOrangHRM.closeBrowser(TestOrangHRM.java:25)
at Action.TestOrangHRM.closeBrowser(TestOrangHRM.java:25)
at Action.TestOrangHRM.closeBrowser(TestOrangHRM.java:25)
at Action.TestOrangHRM.closeBrowser(TestOrangHRM.java:25)
at Action.TestOrangHRM.closeBrowser(TestOrangHRM.java:25)
at Action.TestOrangHRM.closeBrowser(TestOrangHRM.java:25)
at Action.TestOrangHRM.closeBrowser(TestOrangHRM.java:25)
at Action.TestOrangHRM.closeBrowser(TestOrangHRM.java:25)
at Action.TestOrangHRM.closeBrowser(TestOrangHRM.java:25)
at Action.TestOrangHRM.closeBrowser(TestOrangHRM.java:25)
at Action.TestOrangHRM.closeBrowser(TestOrangHRM.java:25)
at Action.TestOrangHRM.closeBrowser(TestOrangHRM.java:25)
at Action.TestOrangHRM.closeBrowser(TestOrangHRM.java:25)
at Action.TestOrangHRM.closeBrowser(TestOrangHRM.java:25)
at Action.TestOrangHRM.closeBrowser(TestOrangHRM.java:25)
at Action.TestOrangHRM.closeBrowser(TestOrangHRM.java:25)
at Action.TestOrangHRM.closeBrowser(TestOrangHRM.java:25)
at Action.TestOrangHRM.closeBrowser(TestOrangHRM.java:25)
at Action.TestOrangHRM.closeBrowser(TestOrangHRM.java:25)
at Action.TestOrangHRM.closeBrowser(TestOrangHRM.java:25)
at Action.TestOrangHRM.closeBrowser(TestOrangHRM.java:25)
at Action.TestOrangHRM.closeBrowser(TestOrangHRM.java:25)
at Action.TestOrangHRM.closeBrowser(TestOrangHRM.java:25)
at Action.TestOrangHRM.closeBrowser(TestOrangHRM.java:25)
at Action.TestOrangHRM.closeBrowser(TestOrangHRM.java:25)
at Action.TestOrangHRM.closeBrowser(TestOrangHRM.java:25)
at Action.TestOrangHRM.closeBrowser(TestOrangHRM.java:25)
at Action.TestOrangHRM.closeBrowser(TestOrangHRM.java:25)
at Action.TestOrangHRM.closeBrowser(TestOrangHRM.java:25)
at Action.TestOrangHRM.closeBrowser(TestOrangHRM.java:25)
at Action.TestOrangHRM.closeBrowser(TestOrangHRM.java:25)
at Action.TestOrangHRM.closeBrowser(TestOrangHRM.java:25)
at Action.TestOrangHRM.closeBrowser(TestOrangHRM.java:25)
at Action.TestOrangHRM.closeBrowser(TestOrangHRM.java:25)
at Action.TestOrangHRM.closeBrowser(TestOrangHRM.java:25)
at Action.TestOrangHRM.closeBrowser(TestOrangHRM.java:25)
at Action.TestOrangHRM.closeBrowser(TestOrangHRM.java:25)
at Action.TestOrangHRM.closeBrowser(TestOrangHRM.java:25)
at Action.TestOrangHRM.closeBrowser(TestOrangHRM.java:25)
at Action.TestOrangHRM.closeBrowser(TestOrangHRM.java:25)
at Action.TestOrangHRM.closeBrowser(TestOrangHRM.java:25)
at Action.TestOrangHRM.closeBrowser(TestOrangHRM.java:25)
at Action.TestOrangHRM.closeBrowser(TestOrangHRM.java:25)
at Action.TestOrangHRM.closeBrowser(TestOrangHRM.java:25)
at Action.TestOrangHRM.closeBrowser(TestOrangHRM.java:25)
at Action.TestOrangHRM.closeBrowser(TestOrangHRM.java:25)
at Action.TestOrangHRM.closeBrowser(TestOrangHRM.java:25)
at Action.TestOrangHRM.closeBrowser(TestOrangHRM.java:25)
at Action.TestOrangHRM.closeBrowser(TestOrangHRM.java:25)
at Action.TestOrangHRM.closeBrowser(TestOrangHRM.java:25)
at Action.TestOrangHRM.closeBrowser(TestOrangHRM.java:25)
at Action.TestOrangHRM.closeBrowser(TestOrangHRM.java:25)
at Action.TestOrangHRM.closeBrowser(TestOrangHRM.java:25)
at Action.TestOrangHRM.closeBrowser(TestOrangHRM.java:25)
at Action.TestOrangHRM.closeBrowser(TestOrangHRM.java:25)
at Action.TestOrangHRM.closeBrowser(TestOrangHRM.java:25)
at Action.TestOrangHRM.closeBrowser(TestOrangHRM.java:25)
at Action.TestOrangHRM.closeBrowser(TestOrangHRM.java:25)
at Action.TestOrangHRM.closeBrowser(TestOrangHRM.java:25)
at Action.TestOrangHRM.closeBrowser(TestOrangHRM.java:25)
at Action.TestOrangHRM.closeBrowser(TestOrangHRM.java:25)
at Action.TestOrangHRM.closeBrowser(TestOrangHRM.java:25)
at Action.TestOrangHRM.closeBrowser(TestOrangHRM.java:25)
at Action.TestOrangHRM.closeBrowser(TestOrangHRM.java:25)
at Action.TestOrangHRM.closeBrowser(TestOrangHRM.java:25)
at Action.TestOrangHRM.closeBrowser(TestOrangHRM.java:25)
at Action.TestOrangHRM.closeBrowser(TestOrangHRM.java:25)
at Action.TestOrangHRM.closeBrowser(TestOrangHRM.java:25)
at Action.TestOrangHRM.closeBrowser(TestOrangHRM.java:25)
at Action.TestOrangHRM.closeBrowser(TestOrangHRM.java:25)
at Action.TestOrangHRM.closeBrowser(TestOrangHRM.java:25)
at Action.TestOrangHRM.closeBrowser(TestOrangHRM.java:25)
at Action.TestOrangHRM.closeBrowser(TestOrangHRM.java:25)
at Action.TestOrangHRM.closeBrowser(TestOrangHRM.java:25)
at Action.TestOrangHRM.closeBrowser(TestOrangHRM.java:25)
at Action.TestOrangHRM.closeBrowser(TestOrangHRM.java:25)
at Action.TestOrangHRM.closeBrowser(TestOrangHRM.java:25)
at Action.TestOrangHRM.closeBrowser(TestOrangHRM.java:25)
at Action.TestOrangHRM.closeBrowser(TestOrangHRM.java:25)
at Action.TestOrangHRM.closeBrowser(TestOrangHRM.java:25)
at Action.TestOrangHRM.closeBrowser(TestOrangHRM.java:25)
at Action.TestOrangHRM.closeBrowser(TestOrangHRM.java:25)
at Action.TestOrangHRM.closeBrowser(TestOrangHRM.java:25)
at Action.TestOrangHRM.closeBrowser(TestOrangHRM.java:25)
at Action.TestOrangHRM.closeBrowser(TestOrangHRM.java:25)
at Action.TestOrangHRM.closeBrowser(TestOrangHRM.java:25)
at Action.TestOrangHRM.closeBrowser(TestOrangHRM.java:25)
at Action.TestOrangHRM.closeBrowser(TestOrangHRM.java:25)
at Action.TestOrangHRM.closeBrowser(TestOrangHRM.java:25)
at Action.TestOrangHRM.closeBrowser(TestOrangHRM.java:25)
at Action.TestOrangHRM.closeBrowser(TestOrangHRM.java:25)
at Action.TestOrangHRM.closeBrowser(TestOrangHRM.java:25)
at Action.TestOrangHRM.closeBrowser(TestOrangHRM.java:25)
at Action.TestOrangHRM.closeBrowser(TestOrangHRM.java:25)
at Action.TestOrangHRM.closeBrowser(TestOrangHRM.java:25)
at Action.TestOrangHRM.closeBrowser(TestOrangHRM.java:25)
at Action.TestOrangHRM.closeBrowser(TestOrangHRM.java:25)
at Action.TestOrangHRM.closeBrowser(TestOrangHRM.java:25)
at Action.TestOrangHRM.closeBrowser(TestOrangHRM.java:25)
at Action.TestOrangHRM.closeBrowser(TestOrangHRM.java:25)
at Action.TestOrangHRM.closeBrowser(TestOrangHRM.java:25)
at Action.TestOrangHRM.closeBrowser(TestOrangHRM.java:25)
at Action.TestOrangHRM.closeBrowser(TestOrangHRM.java:25)
at Action.TestOrangHRM.closeBrowser(TestOrangHRM.java:25)
at Action.TestOrangHRM.closeBrowser(TestOrangHRM.java:25)
at Action.TestOrangHRM.closeBrowser(TestOrangHRM.java:25)
at Action.TestOrangHRM.closeBrowser(TestOrangHRM.java:25)
at Action.TestOrangHRM.closeBrowser(TestOrangHRM.java:25)
at Action.TestOrangHRM.closeBrowser(TestOrangHRM.java:25)
at Action.TestOrangHRM.closeBrowser(TestOrangHRM.java:25)
at Action.TestOrangHRM.closeBrowser(TestOrangHRM.java:25)
at Action.TestOrangHRM.closeBrowser(TestOrangHRM.java:25)
at Action.TestOrangHRM.closeBrowser(TestOrangHRM.java:25)
at Action.TestOrangHRM.closeBrowser(TestOrangHRM.java:25)
at Action.TestOrangHRM.closeBrowser(TestOrangHRM.java:25)
at Action.TestOrangHRM.closeBrowser(TestOrangHRM.java:25)
at Action.TestOrangHRM.closeBrowser(TestOrangHRM.java:25)
at Action.TestOrangHRM.closeBrowser(TestOrangHRM.java:25)
at Action.TestOrangHRM.closeBrowser(TestOrangHRM.java:25)
at Action.TestOrangHRM.closeBrowser(TestOrangHRM.java:25)
at Action.TestOrangHRM.closeBrowser(TestOrangHRM.java:25)
at Action.TestOrangHRM.closeBrowser(TestOrangHRM.java:25)
at Action.TestOrangHRM.closeBrowser(TestOrangHRM.java:25)
at Action.TestOrangHRM.closeBrowser(TestOrangHRM.java:25)
at Action.TestOrangHRM.closeBrowser(TestOrangHRM.java:25)
at Action.TestOrangHRM.closeBrowser(TestOrangHRM.java:25)
at Action.TestOrangHRM.closeBrowser(TestOrangHRM.java:25)
at Action.TestOrangHRM.closeBrowser(TestOrangHRM.java:25)
at Action.TestOrangHRM.closeBrowser(TestOrangHRM.java:25)
at Action.TestOrangHRM.closeBrowser(TestOrangHRM.java:25)
at Action.TestOrangHRM.closeBrowser(TestOrangHRM.java:25)
at Action.TestOrangHRM.closeBrowser(TestOrangHRM.java:25)
at Action.TestOrangHRM.closeBrowser(TestOrangHRM.java:25)
at Action.TestOrangHRM.closeBrowser(TestOrangHRM.java:25)
at Action.TestOrangHRM.closeBrowser(TestOrangHRM.java:25)
at Action.TestOrangHRM.closeBrowser(TestOrangHRM.java:25)
at Action.TestOrangHRM.closeBrowser(TestOrangHRM.java:25)
at Action.TestOrangHRM.closeBrowser(TestOrangHRM.java:25)
at Action.TestOrangHRM.closeBrowser(TestOrangHRM.java:25)
at Action.TestOrangHRM.closeBrowser(TestOrangHRM.java:25)
at Action.TestOrangHRM.closeBrowser(TestOrangHRM.java:25)
at Action.TestOrangHRM.closeBrowser(TestOrangHRM.java:25)
at Action.TestOrangHRM.closeBrowser(TestOrangHRM.java:25)
at Action.TestOrangHRM.closeBrowser(TestOrangHRM.java:25)
at Action.TestOrangHRM.closeBrowser(TestOrangHRM.java:25)
at Action.TestOrangHRM.closeBrowser(TestOrangHRM.java:25)
at Action.TestOrangHRM.closeBrowser(TestOrangHRM.java:25)
at Action.TestOrangHRM.closeBrowser(TestOrangHRM.java:25)
at Action.TestOrangHRM.closeBrowser(TestOrangHRM.java:25)
at Action.TestOrangHRM.closeBrowser(TestOrangHRM.java:25)
at Action.TestOrangHRM.closeBrowser(TestOrangHRM.java:25)
at Action.TestOrangHRM.closeBrowser(TestOrangHRM.java:25)
at Action.TestOrangHRM.closeBrowser(TestOrangHRM.java:25)
at Action.TestOrangHRM.closeBrowser(TestOrangHRM.java:25)
at Action.TestOrangHRM.closeBrowser(TestOrangHRM.java:25)
at Action.TestOrangHRM.closeBrowser(TestOrangHRM.java:25)
at Action.TestOrangHRM.closeBrowser(TestOrangHRM.java:25)
at Action.TestOrangHRM.closeBrowser(TestOrangHRM.java:25)
at Action.TestOrangHRM.closeBrowser(TestOrangHRM.java:25)
at Action.TestOrangHRM.closeBrowser(TestOrangHRM.java:25)
at Action.TestOrangHRM.closeBrowser(TestOrangHRM.java:25)
at Action.TestOrangHRM.closeBrowser(TestOrangHRM.java:25)
at Action.TestOrangHRM.closeBrowser(TestOrangHRM.java:25)
at Action.TestOrangHRM.closeBrowser(TestOrangHRM.java:25)
at Action.TestOrangHRM.closeBrowser(TestOrangHRM.java:25)
at Action.TestOrangHRM.closeBrowser(TestOrangHRM.java:25)
at Action.TestOrangHRM.closeBrowser(TestOrangHRM.java:25)
at Action.TestOrangHRM.closeBrowser(TestOrangHRM.java:25)
at Action.TestOrangHRM.closeBrowser(TestOrangHRM.java:25)
at Action.TestOrangHRM.closeBrowser(TestOrangHRM.java:25)
at Action.TestOrangHRM.closeBrowser(TestOrangHRM.java:25)
at Action.TestOrangHRM.closeBrowser(TestOrangHRM.java:25)
at Action.TestOrangHRM.closeBrowser(TestOrangHRM.java:25)
at Action.TestOrangHRM.closeBrowser(TestOrangHRM.java:25)
at Action.TestOrangHRM.closeBrowser(TestOrangHRM.java:25)
at Action.TestOrangHRM.closeBrowser(TestOrangHRM.java:25)
at Action.TestOrangHRM.closeBrowser(TestOrangHRM.java:25)
at Action.TestOrangHRM.closeBrowser(TestOrangHRM.java:25)
at Action.TestOrangHRM.closeBrowser(TestOrangHRM.java:25)
at Action.TestOrangHRM.closeBrowser(TestOrangHRM.java:25)
at Action.TestOrangHRM.closeBrowser(TestOrangHRM.java:25)
at Action.TestOrangHRM.closeBrowser(TestOrangHRM.java:25)
at Action.TestOrangHRM.closeBrowser(TestOrangHRM.java:25)
at Action.TestOrangHRM.closeBrowser(TestOrangHRM.java:25)
at Action.TestOrangHRM.closeBrowser(TestOrangHRM.java:25)
at Action.TestOrangHRM.closeBrowser(TestOrangHRM.java:25)
at Action.TestOrangHRM.closeBrowser(TestOrangHRM.java:25)
at Action.TestOrangHRM.closeBrowser(TestOrangHRM.java:25)
at Action.TestOrangHRM.closeBrowser(TestOrangHRM.java:25)
at Action.TestOrangHRM.closeBrowser(TestOrangHRM.java:25)
at Action.TestOrangHRM.closeBrowser(TestOrangHRM.java:25)
at Action.TestOrangHRM.closeBrowser(TestOrangHRM.java:25)
at Action.TestOrangHRM.closeBrowser(TestOrangHRM.java:25)
at Action.TestOrangHRM.closeBrowser(TestOrangHRM.java:25)
at Action.TestOrangHRM.closeBrowser(TestOrangHRM.java:25)
at Action.TestOrangHRM.closeBrowser(TestOrangHRM.java:25)
at Action.TestOrangHRM.closeBrowser(TestOrangHRM.java:25)
at Action.TestOrangHRM.closeBrowser(TestOrangHRM.java:25)
at Action.TestOrangHRM.closeBrowser(TestOrangHRM.java:25)
at Action.TestOrangHRM.closeBrowser(TestOrangHRM.java:25)
at Action.TestOrangHRM.closeBrowser(TestOrangHRM.java:25)
at Action.TestOrangHRM.closeBrowser(TestOrangHRM.java:25)
at Action.TestOrangHRM.closeBrowser(TestOrangHRM.java:25)
at Action.TestOrangHRM.closeBrowser(TestOrangHRM.java:25)
at Action.TestOrangHRM.closeBrowser(TestOrangHRM.java:25)
at Action.TestOrangHRM.closeBrowser(TestOrangHRM.java:25)
at Action.TestOrangHRM.closeBrowser(TestOrangHRM.java:25)
at Action.TestOrangHRM.closeBrowser(TestOrangHRM.java:25)
at Action.TestOrangHRM.closeBrowser(TestOrangHRM.java:25)
at Action.TestOrangHRM.closeBrowser(TestOrangHRM.java:25)
at Action.TestOrangHRM.closeBrowser(TestOrangHRM.java:25)
at Action.TestOrangHRM.closeBrowser(TestOrangHRM.java:25)
at Action.TestOrangHRM.closeBrowser(TestOrangHRM.java:25)
at Action.TestOrangHRM.closeBrowser(TestOrangHRM.java:25)
at Action.TestOrangHRM.closeBrowser(TestOrangHRM.java:25)
at Action.TestOrangHRM.closeBrowser(TestOrangHRM.java:25)
at Action.TestOrangHRM.closeBrowser(TestOrangHRM.java:25)
at Action.TestOrangHRM.closeBrowser(TestOrangHRM.java:25)
at Action.TestOrangHRM.closeBrowser(TestOrangHRM.java:25)
at Action.TestOrangHRM.closeBrowser(TestOrangHRM.java:25)
at Action.TestOrangHRM.closeBrowser(TestOrangHRM.java:25)
at Action.TestOrangHRM.closeBrowser(TestOrangHRM.java:25)
at Action.TestOrangHRM.closeBrowser(TestOrangHRM.java:25)
at Action.TestOrangHRM.closeBrowser(TestOrangHRM.java:25)
at Action.TestOrangHRM.closeBrowser(TestOrangHRM.java:25)
at Action.TestOrangHRM.closeBrowser(TestOrangHRM.java:25)
at Action.TestOrangHRM.closeBrowser(TestOrangHRM.java:25)
at Action.TestOrangHRM.closeBrowser(TestOrangHRM.java:25)
at Action.TestOrangHRM.closeBrowser(TestOrangHRM.java:25)
at Action.TestOrangHRM.closeBrowser(TestOrangHRM.java:25)
at Action.TestOrangHRM.closeBrowser(TestOrangHRM.java:25)
at Action.TestOrangHRM.closeBrowser(TestOrangHRM.java:25)
at Action.TestOrangHRM.closeBrowser(TestOrangHRM.java:25)
at Action.TestOrangHRM.closeBrowser(TestOrangHRM.java:25)
at Action.TestOrangHRM.closeBrowser(TestOrangHRM.java:25)
at Action.TestOrangHRM.closeBrowser(TestOrangHRM.java:25)
at Action.TestOrangHRM.closeBrowser(TestOrangHRM.java:25)
at Action.TestOrangHRM.closeBrowser(TestOrangHRM.java:25)
at Action.TestOrangHRM.closeBrowser(TestOrangHRM.java:25)
at Action.TestOrangHRM.closeBrowser(TestOrangHRM.java:25)
at Action.TestOrangHRM.closeBrowser(TestOrangHRM.java:25)
at Action.TestOrangHRM.closeBrowser(TestOrangHRM.java:25)
at Action.TestOrangHRM.closeBrowser(TestOrangHRM.java:25)
at Action.TestOrangHRM.closeBrowser(TestOrangHRM.java:25)
at Action.TestOrangHRM.closeBrowser(TestOrangHRM.java:25)
at Action.TestOrangHRM.closeBrowser(TestOrangHRM.java:25)
at Action.TestOrangHRM.closeBrowser(TestOrangHRM.java:25)
at Action.TestOrangHRM.closeBrowser(TestOrangHRM.java:25)
at Action.TestOrangHRM.closeBrowser(TestOrangHRM.java:25)
at Action.TestOrangHRM.closeBrowser(TestOrangHRM.java:25)
at Action.TestOrangHRM.closeBrowser(TestOrangHRM.java:25)
at Action.TestOrangHRM.closeBrowser(TestOrangHRM.java:25)
at Action.TestOrangHRM.closeBrowser(TestOrangHRM.java:25)
at Action.TestOrangHRM.closeBrowser(TestOrangHRM.java:25)
at Action.TestOrangHRM.closeBrowser(TestOrangHRM.java:25)
at Action.TestOrangHRM.closeBrowser(TestOrangHRM.java:25)
at Action.TestOrangHRM.closeBrowser(TestOrangHRM.java:25)
at Action.TestOrangHRM.closeBrowser(TestOrangHRM.java:25)
at Action.TestOrangHRM.closeBrowser(TestOrangHRM.java:25)
at Action.TestOrangHRM.closeBrowser(TestOrangHRM.java:25)
at Action.TestOrangHRM.closeBrowser(TestOrangHRM.java:25)
at Action.TestOrangHRM.closeBrowser(TestOrangHRM.java:25)
at Action.TestOrangHRM.closeBrowser(TestOrangHRM.java:25)
at Action.TestOrangHRM.closeBrowser(TestOrangHRM.java:25)
at Action.TestOrangHRM.closeBrowser(TestOrangHRM.java:25)
at Action.TestOrangHRM.closeBrowser(TestOrangHRM.java:25)
at Action.TestOrangHRM.closeBrowser(TestOrangHRM.java:25)
at Action.TestOrangHRM.closeBrowser(TestOrangHRM.java:25)
at Action.TestOrangHRM.closeBrowser(TestOrangHRM.java:25)
at Action.TestOrangHRM.closeBrowser(TestOrangHRM.java:25)
at Action.TestOrangHRM.closeBrowser(TestOrangHRM.java:25)
at Action.TestOrangHRM.closeBrowser(TestOrangHRM.java:25)
at Action.TestOrangHRM.closeBrowser(TestOrangHRM.java:25)
at Action.TestOrangHRM.closeBrowser(TestOrangHRM.java:25)
at Action.TestOrangHRM.closeBrowser(TestOrangHRM.java:25)
at Action.TestOrangHRM.closeBrowser(TestOrangHRM.java:25)
at Action.TestOrangHRM.closeBrowser(TestOrangHRM.java:25)
at Action.TestOrangHRM.closeBrowser(TestOrangHRM.java:25)
at Action.TestOrangHRM.closeBrowser(TestOrangHRM.java:25)
at Action.TestOrangHRM.closeBrowser(TestOrangHRM.java:25)
at Action.TestOrangHRM.closeBrowser(TestOrangHRM.java:25)
at Action.TestOrangHRM.closeBrowser(TestOrangHRM.java:25)
at Action.TestOrangHRM.closeBrowser(TestOrangHRM.java:25)
at Action.TestOrangHRM.closeBrowser(TestOrangHRM.java:25)
at Action.TestOrangHRM.closeBrowser(TestOrangHRM.java:25)
at Action.TestOrangHRM.closeBrowser(TestOrangHRM.java:25)
at Action.TestOrangHRM.closeBrowser(TestOrangHRM.java:25)
at Action.TestOrangHRM.closeBrowser(TestOrangHRM.java:25)
at Action.TestOrangHRM.closeBrowser(TestOrangHRM.java:25)
at Action.TestOrangHRM.closeBrowser(TestOrangHRM.java:25)
at Action.TestOrangHRM.closeBrowser(TestOrangHRM.java:25)
at Action.TestOrangHRM.closeBrowser(TestOrangHRM.java:25)
at Action.TestOrangHRM.closeBrowser(TestOrangHRM.java:25)
at Action.TestOrangHRM.closeBrowser(TestOrangHRM.java:25)
at Action.TestOrangHRM.closeBrowser(TestOrangHRM.java:25)
at Action.TestOrangHRM.closeBrowser(TestOrangHRM.java:25)
at Action.TestOrangHRM.closeBrowser(TestOrangHRM.java:25)
at Action.TestOrangHRM.closeBrowser(TestOrangHRM.java:25)
at Action.TestOrangHRM.closeBrowser(TestOrangHRM.java:25)
at Action.TestOrangHRM.closeBrowser(TestOrangHRM.java:25)
at Action.TestOrangHRM.closeBrowser(TestOrangHRM.java:25)
at Action.TestOrangHRM.closeBrowser(TestOrangHRM.java:25)
at Action.TestOrangHRM.closeBrowser(TestOrangHRM.java:25)
at Action.TestOrangHRM.closeBrowser(TestOrangHRM.java:25)
at Action.TestOrangHRM.closeBrowser(TestOrangHRM.java:25)
at Action.TestOrangHRM.closeBrowser(TestOrangHRM.java:25)
at Action.TestOrangHRM.closeBrowser(TestOrangHRM.java:25)
at Action.TestOrangHRM.closeBrowser(TestOrangHRM.java:25)
at Action.TestOrangHRM.closeBrowser(TestOrangHRM.java:25)
at Action.TestOrangHRM.closeBrowser(TestOrangHRM.java:25)
at Action.TestOrangHRM.closeBrowser(TestOrangHRM.java:25)
at Action.TestOrangHRM.closeBrowser(TestOrangHRM.java:25)
at Action.TestOrangHRM.closeBrowser(TestOrangHRM.java:25)
at Action.TestOrangHRM.closeBrowser(TestOrangHRM.java:25)
at Action.TestOrangHRM.closeBrowser(TestOrangHRM.java:25)
at Action.TestOrangHRM.closeBrowser(TestOrangHRM.java:25)
at Action.TestOrangHRM.closeBrowser(TestOrangHRM.java:25)
at Action.TestOrangHRM.closeBrowser(TestOrangHRM.java:25)
at Action.TestOrangHRM.closeBrowser(TestOrangHRM.java:25)
at Action.TestOrangHRM.closeBrowser(TestOrangHRM.java:25)
at Action.TestOrangHRM.closeBrowser(TestOrangHRM.java:25)
at Action.TestOrangHRM.closeBrowser(TestOrangHRM.java:25)
at Action.TestOrangHRM.closeBrowser(TestOrangHRM.java:25)
at Action.TestOrangHRM.closeBrowser(TestOrangHRM.java:25)
at Action.TestOrangHRM.closeBrowser(TestOrangHRM.java:25)
at Action.TestOrangHRM.closeBrowser(TestOrangHRM.java:25)
at Action.TestOrangHRM.closeBrowser(TestOrangHRM.java:25)
at Action.TestOrangHRM.closeBrowser(TestOrangHRM.java:25)
at Action.TestOrangHRM.closeBrowser(TestOrangHRM.java:25)
at Action.TestOrangHRM.closeBrowser(TestOrangHRM.java:25)
at Action.TestOrangHRM.closeBrowser(TestOrangHRM.java:25)
at Action.TestOrangHRM.closeBrowser(TestOrangHRM.java:25)
at Action.TestOrangHRM.closeBrowser(TestOrangHRM.java:25)
at Action.TestOrangHRM.closeBrowser(TestOrangHRM.java:25)
at Action.TestOrangHRM.closeBrowser(TestOrangHRM.java:25)
at Action.TestOrangHRM.closeBrowser(TestOrangHRM.java:25)
at Action.TestOrangHRM.closeBrowser(TestOrangHRM.java:25)
at Action.TestOrangHRM.closeBrowser(TestOrangHRM.java:25)
at Action.TestOrangHRM.closeBrowser(TestOrangHRM.java:25)
at Action.TestOrangHRM.closeBrowser(TestOrangHRM.java:25)
at Action.TestOrangHRM.closeBrowser(TestOrangHRM.java:25)
at Action.TestOrangHRM.closeBrowser(TestOrangHRM.java:25)
at Action.TestOrangHRM.closeBrowser(TestOrangHRM.java:25)
at Action.TestOrangHRM.closeBrowser(TestOrangHRM.java:25)
at Action.TestOrangHRM.closeBrowser(TestOrangHRM.java:25)
at Action.TestOrangHRM.closeBrowser(TestOrangHRM.java:25)
at Action.TestOrangHRM.closeBrowser(TestOrangHRM.java:25)
at Action.TestOrangHRM.closeBrowser(TestOrangHRM.java:25)
at Action.TestOrangHRM.closeBrowser(TestOrangHRM.java:25)
at Action.TestOrangHRM.closeBrowser(TestOrangHRM.java:25)
at Action.TestOrangHRM.closeBrowser(TestOrangHRM.java:25)
at Action.TestOrangHRM.closeBrowser(TestOrangHRM.java:25)
at Action.TestOrangHRM.closeBrowser(TestOrangHRM.java:25)
at Action.TestOrangHRM.closeBrowser(TestOrangHRM.java:25)
at Action.TestOrangHRM.closeBrowser(TestOrangHRM.java:25)
at Action.TestOrangHRM.closeBrowser(TestOrangHRM.java:25)
at Action.TestOrangHRM.closeBrowser(TestOrangHRM.java:25)
at Action.TestOrangHRM.closeBrowser(TestOrangHRM.java:25)
at Action.TestOrangHRM.closeBrowser(TestOrangHRM.java:25)
at Action.TestOrangHRM.closeBrowser(TestOrangHRM.java:25)
at Action.TestOrangHRM.closeBrowser(TestOrangHRM.java:25)
at Action.TestOrangHRM.closeBrowser(TestOrangHRM.java:25)
at Action.TestOrangHRM.closeBrowser(TestOrangHRM.java:25)
at Action.TestOrangHRM.closeBrowser(TestOrangHRM.java:25)
at Action.TestOrangHRM.closeBrowser(TestOrangHRM.java:25)
at Action.TestOrangHRM.closeBrowser(TestOrangHRM.java:25)
at Action.TestOrangHRM.closeBrowser(TestOrangHRM.java:25)
at Action.TestOrangHRM.closeBrowser(TestOrangHRM.java:25)
at Action.TestOrangHRM.closeBrowser(TestOrangHRM.java:25)
at Action.TestOrangHRM.closeBrowser(TestOrangHRM.java:25)
at Action.TestOrangHRM.closeBrowser(TestOrangHRM.java:25)
at Action.TestOrangHRM.closeBrowser(TestOrangHRM.java:25)
at Action.TestOrangHRM.closeBrowser(TestOrangHRM.java:25)
at Action.TestOrangHRM.closeBrowser(TestOrangHRM.java:25)
at Action.TestOrangHRM.closeBrowser(TestOrangHRM.java:25)
at Action.TestOrangHRM.closeBrowser(TestOrangHRM.java:25)
at Action.TestOrangHRM.closeBrowser(TestOrangHRM.java:25)
at Action.TestOrangHRM.closeBrowser(TestOrangHRM.java:25)
at Action.TestOrangHRM.closeBrowser(TestOrangHRM.java:25)
at Action.TestOrangHRM.closeBrowser(TestOrangHRM.java:25)
at Action.TestOrangHRM.closeBrowser(TestOrangHRM.java:25)
at Action.TestOrangHRM.closeBrowser(TestOrangHRM.java:25)
at Action.TestOrangHRM.closeBrowser(TestOrangHRM.java:25)
at Action.TestOrangHRM.closeBrowser(TestOrangHRM.java:25)
at Action.TestOrangHRM.closeBrowser(TestOrangHRM.java:25)
at Action.TestOrangHRM.closeBrowser(TestOrangHRM.java:25)
at Action.TestOrangHRM.closeBrowser(TestOrangHRM.java:25)
at Action.TestOrangHRM.closeBrowser(TestOrangHRM.java:25)
at Action.TestOrangHRM.closeBrowser(TestOrangHRM.java:25)
at Action.TestOrangHRM.closeBrowser(TestOrangHRM.java:25)
at Action.TestOrangHRM.closeBrowser(TestOrangHRM.java:25)
at Action.TestOrangHRM.closeBrowser(TestOrangHRM.java:25)
at Action.TestOrangHRM.closeBrowser(TestOrangHRM.java:25)
at Action.TestOrangHRM.closeBrowser(TestOrangHRM.java:25)
at Action.TestOrangHRM.closeBrowser(TestOrangHRM.java:25)
at Action.TestOrangHRM.closeBrowser(TestOrangHRM.java:25)
at Action.TestOrangHRM.closeBrowser(TestOrangHRM.java:25)
at Action.TestOrangHRM.closeBrowser(TestOrangHRM.java:25)
at Action.TestOrangHRM.closeBrowser(TestOrangHRM.java:25)
at Action.TestOrangHRM.closeBrowser(TestOrangHRM.java:25)
at Action.TestOrangHRM.closeBrowser(TestOrangHRM.java:25)
at Action.TestOrangHRM.closeBrowser(TestOrangHRM.java:25)
at Action.TestOrangHRM.closeBrowser(TestOrangHRM.java:25)
at Action.TestOrangHRM.closeBrowser(TestOrangHRM.java:25)
at Action.TestOrangHRM.closeBrowser(TestOrangHRM.java:25)
at Action.TestOrangHRM.closeBrowser(TestOrangHRM.java:25)
at Action.TestOrangHRM.closeBrowser(TestOrangHRM.java:25)
at Action.TestOrangHRM.closeBrowser(TestOrangHRM.java:25)
at Action.TestOrangHRM.closeBrowser(TestOrangHRM.java:25)
at Action.TestOrangHRM.closeBrowser(TestOrangHRM.java:25)
at Action.TestOrangHRM.closeBrowser(TestOrangHRM.java:25)
at Action.TestOrangHRM.closeBrowser(TestOrangHRM.java:25)
at Action.TestOrangHRM.closeBrowser(TestOrangHRM.java:25)
at Action.TestOrangHRM.closeBrowser(TestOrangHRM.java:25)
at Action.TestOrangHRM.closeBrowser(TestOrangHRM.java:25)
at Action.TestOrangHRM.closeBrowser(TestOrangHRM.java:25)
at Action.TestOrangHRM.closeBrowser(TestOrangHRM.java:25)
at Action.TestOrangHRM.closeBrowser(TestOrangHRM.java:25)
at Action.TestOrangHRM.closeBrowser(TestOrangHRM.java:25)
at Action.TestOrangHRM.closeBrowser(TestOrangHRM.java:25)
at Action.TestOrangHRM.closeBrowser(TestOrangHRM.java:25)
at Action.TestOrangHRM.closeBrowser(TestOrangHRM.java:25)
at Action.TestOrangHRM.closeBrowser(TestOrangHRM.java:25)
at Action.TestOrangHRM.closeBrowser(TestOrangHRM.java:25)
at Action.TestOrangHRM.closeBrowser(TestOrangHRM.java:25)
at Action.TestOrangHRM.closeBrowser(TestOrangHRM.java:25)
at Action.TestOrangHRM.closeBrowser(TestOrangHRM.java:25)
at Action.TestOrangHRM.closeBrowser(TestOrangHRM.java:25)
at Action.TestOrangHRM.closeBrowser(TestOrangHRM.java:25)
at Action.TestOrangHRM.closeBrowser(TestOrangHRM.java:25)
at Action.TestOrangHRM.closeBrowser(TestOrangHRM.java:25)
at Action.TestOrangHRM.closeBrowser(TestOrangHRM.java:25)
at Action.TestOrangHRM.closeBrowser(TestOrangHRM.java:25)
at Action.TestOrangHRM.closeBrowser(TestOrangHRM.java:25)
at Action.TestOrangHRM.closeBrowser(TestOrangHRM.java:25)
at Action.TestOrangHRM.closeBrowser(TestOrangHRM.java:25)
at Action.TestOrangHRM.closeBrowser(TestOrangHRM.java:25)
at Action.TestOrangHRM.closeBrowser(TestOrangHRM.java:25)
at Action.TestOrangHRM.closeBrowser(TestOrangHRM.java:25)
at Action.TestOrangHRM.closeBrowser(TestOrangHRM.java:25)
at Action.TestOrangHRM.closeBrowser(TestOrangHRM.java:25)
at Action.TestOrangHRM.closeBrowser(TestOrangHRM.java:25)
at Action.TestOrangHRM.closeBrowser(TestOrangHRM.java:25)
at Action.TestOrangHRM.closeBrowser(TestOrangHRM.java:25)
at Action.TestOrangHRM.closeBrowser(TestOrangHRM.java:25)
at Action.TestOrangHRM.closeBrowser(TestOrangHRM.java:25)
at Action.TestOrangHRM.closeBrowser(TestOrangHRM.java:25)
at Action.TestOrangHRM.closeBrowser(TestOrangHRM.java:25)
at Action.TestOrangHRM.closeBrowser(TestOrangHRM.java:25)
at Action.TestOrangHRM.closeBrowser(TestOrangHRM.java:25)
at Action.TestOrangHRM.closeBrowser(TestOrangHRM.java:25)
at Action.TestOrangHRM.closeBrowser(TestOrangHRM.java:25)
at Action.TestOrangHRM.closeBrowser(TestOrangHRM.java:25)
at Action.TestOrangHRM.closeBrowser(TestOrangHRM.java:25)
at Action.TestOrangHRM.closeBrowser(TestOrangHRM.java:25)
at Action.TestOrangHRM.closeBrowser(TestOrangHRM.java:25)
at Action.TestOrangHRM.closeBrowser(TestOrangHRM.java:25)
at Action.TestOrangHRM.closeBrowser(TestOrangHRM.java:25)
at Action.TestOrangHRM.closeBrowser(TestOrangHRM.java:25)
at Action.TestOrangHRM.closeBrowser(TestOrangHRM.java:25)
at Action.TestOrangHRM.closeBrowser(TestOrangHRM.java:25)
at Action.TestOrangHRM.closeBrowser(TestOrangHRM.java:25)
at Action.TestOrangHRM.closeBrowser(TestOrangHRM.java:25)
at Action.TestOrangHRM.closeBrowser(TestOrangHRM.java:25)
at Action.TestOrangHRM.closeBrowser(TestOrangHRM.java:25)
at Action.TestOrangHRM.closeBrowser(TestOrangHRM.java:25)
at Action.TestOrangHRM.closeBrowser(TestOrangHRM.java:25)
at Action.TestOrangHRM.closeBrowser(TestOrangHRM.java:25)
at Action.TestOrangHRM.closeBrowser(TestOrangHRM.java:25)
at Action.TestOrangHRM.closeBrowser(TestOrangHRM.java:25)
at Action.TestOrangHRM.closeBrowser(TestOrangHRM.java:25)
at Action.TestOrangHRM.closeBrowser(TestOrangHRM.java:25)
at Action.TestOrangHRM.closeBrowser(TestOrangHRM.java:25)
at Action.TestOrangHRM.closeBrowser(TestOrangHRM.java:25)
at Action.TestOrangHRM.closeBrowser(TestOrangHRM.java:25)
at Action.TestOrangHRM.closeBrowser(TestOrangHRM.java:25)
at Action.TestOrangHRM.closeBrowser(TestOrangHRM.java:25)
at Action.TestOrangHRM.closeBrowser(TestOrangHRM.java:25)
at Action.TestOrangHRM.closeBrowser(TestOrangHRM.java:25)
at Action.TestOrangHRM.closeBrowser(TestOrangHRM.java:25)
at Action.TestOrangHRM.closeBrowser(TestOrangHRM.java:25)
at Action.TestOrangHRM.closeBrowser(TestOrangHRM.java:25)
at Action.TestOrangHRM.closeBrowser(TestOrangHRM.java:25)
at Action.TestOrangHRM.closeBrowser(TestOrangHRM.java:25)
at Action.TestOrangHRM.closeBrowser(TestOrangHRM.java:25)
at Action.TestOrangHRM.closeBrowser(TestOrangHRM.java:25)
at Action.TestOrangHRM.closeBrowser(TestOrangHRM.java:25)
at Action.TestOrangHRM.closeBrowser(TestOrangHRM.java:25)
at Action.TestOrangHRM.closeBrowser(TestOrangHRM.java:25)
at Action.TestOrangHRM.closeBrowser(TestOrangHRM.java:25)
at Action.TestOrangHRM.closeBrowser(TestOrangHRM.java:25)
at Action.TestOrangHRM.closeBrowser(TestOrangHRM.java:25)
at Action.TestOrangHRM.closeBrowser(TestOrangHRM.java:25)
at Action.TestOrangHRM.closeBrowser(TestOrangHRM.java:25)
at Action.TestOrangHRM.closeBrowser(TestOrangHRM.java:25)
at Action.TestOrangHRM.closeBrowser(TestOrangHRM.java:25)
at Action.TestOrangHRM.closeBrowser(TestOrangHRM.java:25)
at Action.TestOrangHRM.closeBrowser(TestOrangHRM.java:25)
at Action.TestOrangHRM.closeBrowser(TestOrangHRM.java:25)
at Action.TestOrangHRM.closeBrowser(TestOrangHRM.java:25)
at Action.TestOrangHRM.closeBrowser(TestOrangHRM.java:25)
at Action.TestOrangHRM.closeBrowser(TestOrangHRM.java:25)
at Action.TestOrangHRM.closeBrowser(TestOrangHRM.java:25)
at Action.TestOrangHRM.closeBrowser(TestOrangHRM.java:25)
at Action.TestOrangHRM.closeBrowser(TestOrangHRM.java:25)
at Action.TestOrangHRM.closeBrowser(TestOrangHRM.java:25)
at Action.TestOrangHRM.closeBrowser(TestOrangHRM.java:25)
at Action.TestOrangHRM.closeBrowser(TestOrangHRM.java:25)
at Action.TestOrangHRM.closeBrowser(TestOrangHRM.java:25)
at Action.TestOrangHRM.closeBrowser(TestOrangHRM.java:25)
at Action.TestOrangHRM.closeBrowser(TestOrangHRM.java:25)
at Action.TestOrangHRM.closeBrowser(TestOrangHRM.java:25)
at Action.TestOrangHRM.closeBrowser(TestOrangHRM.java:25)
at Action.TestOrangHRM.closeBrowser(TestOrangHRM.java:25)
at Action.TestOrangHRM.closeBrowser(TestOrangHRM.java:25)
at Action.TestOrangHRM.closeBrowser(TestOrangHRM.java:25)
at Action.TestOrangHRM.closeBrowser(TestOrangHRM.java:25)
at Action.TestOrangHRM.closeBrowser(TestOrangHRM.java:25)
at Action.TestOrangHRM.closeBrowser(TestOrangHRM.java:25)
at Action.TestOrangHRM.closeBrowser(TestOrangHRM.java:25)
at Action.TestOrangHRM.closeBrowser(TestOrangHRM.java:25)
at Action.TestOrangHRM.closeBrowser(TestOrangHRM.java:25)
at Action.TestOrangHRM.closeBrowser(TestOrangHRM.java:25)
at Action.TestOrangHRM.closeBrowser(TestOrangHRM.java:25)
at Action.TestOrangHRM.closeBrowser(TestOrangHRM.java:25)
at Action.TestOrangHRM.closeBrowser(TestOrangHRM.java:25)
at Action.TestOrangHRM.closeBrowser(TestOrangHRM.java:25)
at Action.TestOrangHRM.closeBrowser(TestOrangHRM.java:25)
at Action.TestOrangHRM.closeBrowser(TestOrangHRM.java:25)
at Action.TestOrangHRM.closeBrowser(TestOrangHRM.java:25)
at Action.TestOrangHRM.closeBrowser(TestOrangHRM.java:25)
at Action.TestOrangHRM.closeBrowser(TestOrangHRM.java:25)
at Action.TestOrangHRM.closeBrowser(TestOrangHRM.java:25)
at Action.TestOrangHRM.closeBrowser(TestOrangHRM.java:25)
at Action.TestOrangHRM.closeBrowser(TestOrangHRM.java:25)
at Action.TestOrangHRM.closeBrowser(TestOrangHRM.java:25)
at Action.TestOrangHRM.closeBrowser(TestOrangHRM.java:25)
at Action.TestOrangHRM.closeBrowser(TestOrangHRM.java:25)
at Action.TestOrangHRM.closeBrowser(TestOrangHRM.java:25)
at Action.TestOrangHRM.closeBrowser(TestOrangHRM.java:25)
at Action.TestOrangHRM.closeBrowser(TestOrangHRM.java:25)
at Action.TestOrangHRM.closeBrowser(TestOrangHRM.java:25)
at Action.TestOrangHRM.closeBrowser(TestOrangHRM.java:25)
at Action.TestOrangHRM.closeBrowser(TestOrangHRM.java:25)
at Action.TestOrangHRM.closeBrowser(TestOrangHRM.java:25)
at Action.TestOrangHRM.closeBrowser(TestOrangHRM.java:25)
at Action.TestOrangHRM.closeBrowser(TestOrangHRM.java:25)
at Action.TestOrangHRM.closeBrowser(TestOrangHRM.java:25)
at Action.TestOrangHRM.closeBrowser(TestOrangHRM.java:25)
at Action.TestOrangHRM.closeBrowser(TestOrangHRM.java:25)
at Action.TestOrangHRM.closeBrowser(TestOrangHRM.java:25)
at Action.TestOrangHRM.closeBrowser(TestOrangHRM.java:25)
at Action.TestOrangHRM.closeBrowser(TestOrangHRM.java:25)
at Action.TestOrangHRM.closeBrowser(TestOrangHRM.java:25)
at Action.TestOrangHRM.closeBrowser(TestOrangHRM.java:25)
at Action.TestOrangHRM.closeBrowser(TestOrangHRM.java:25)
at Action.TestOrangHRM.closeBrowser(TestOrangHRM.java:25)
at Action.TestOrangHRM.closeBrowser(TestOrangHRM.java:25)
at Action.TestOrangHRM.closeBrowser(TestOrangHRM.java:25)
at Action.TestOrangHRM.closeBrowser(TestOrangHRM.java:25)
at Action.TestOrangHRM.closeBrowser(TestOrangHRM.java:25)
at Action.TestOrangHRM.closeBrowser(TestOrangHRM.java:25)
at Action.TestOrangHRM.closeBrowser(TestOrangHRM.java:25)
at Action.TestOrangHRM.closeBrowser(TestOrangHRM.java:25)
at Action.TestOrangHRM.closeBrowser(TestOrangHRM.java:25)
at Action.TestOrangHRM.closeBrowser(TestOrangHRM.java:25)
at Action.TestOrangHRM.closeBrowser(TestOrangHRM.java:25)
at Action.TestOrangHRM.closeBrowser(TestOrangHRM.java:25)
at Action.TestOrangHRM.closeBrowser(TestOrangHRM.java:25)
at Action.TestOrangHRM.closeBrowser(TestOrangHRM.java:25)
at Action.TestOrangHRM.closeBrowser(TestOrangHRM.java:25)
at Action.TestOrangHRM.closeBrowser(TestOrangHRM.java:25)
at Action.TestOrangHRM.closeBrowser(TestOrangHRM.java:25)
at Action.TestOrangHRM.closeBrowser(TestOrangHRM.java:25)
at Action.TestOrangHRM.closeBrowser(TestOrangHRM.java:25)
at Action.TestOrangHRM.closeBrowser(TestOrangHRM.java:25)
at Action.TestOrangHRM.closeBrowser(TestOrangHRM.java:25)
at Action.TestOrangHRM.closeBrowser(TestOrangHRM.java:25)
at Action.TestOrangHRM.closeBrowser(TestOrangHRM.java:25)
at Action.TestOrangHRM.closeBrowser(TestOrangHRM.java:25)
at Action.TestOrangHRM.closeBrowser(TestOrangHRM.java:25)
at Action.TestOrangHRM.closeBrowser(TestOrangHRM.java:25)
at Action.TestOrangHRM.closeBrowser(TestOrangHRM.java:25)
at Action.TestOrangHRM.closeBrowser(TestOrangHRM.java:25)
at Action.TestOrangHRM.closeBrowser(TestOrangHRM.java:25)
at Action.TestOrangHRM.closeBrowser(TestOrangHRM.java:25)
at Action.TestOrangHRM.closeBrowser(TestOrangHRM.java:25)
at Action.TestOrangHRM.closeBrowser(TestOrangHRM.java:25)
at Action.TestOrangHRM.closeBrowser(TestOrangHRM.java:25)
at Action.TestOrangHRM.closeBrowser(TestOrangHRM.java:25)
at Action.TestOrangHRM.closeBrowser(TestOrangHRM.java:25)
at Action.TestOrangHRM.closeBrowser(TestOrangHRM.java:25)
at Action.TestOrangHRM.closeBrowser(TestOrangHRM.java:25)
at Action.TestOrangHRM.closeBrowser(TestOrangHRM.java:25)
at Action.TestOrangHRM.closeBrowser(TestOrangHRM.java:25)
at Action.TestOrangHRM.closeBrowser(TestOrangHRM.java:25)
at Action.TestOrangHRM.closeBrowser(TestOrangHRM.java:25)
at Action.TestOrangHRM.closeBrowser(TestOrangHRM.java:25)
at Action.TestOrangHRM.closeBrowser(TestOrangHRM.java:25)
at Action.TestOrangHRM.closeBrowser(TestOrangHRM.java:25)
at Action.TestOrangHRM.closeBrowser(TestOrangHRM.java:25)
at Action.TestOrangHRM.closeBrowser(TestOrangHRM.java:25)
at Action.TestOrangHRM.closeBrowser(TestOrangHRM.java:25)
at Action.TestOrangHRM.closeBrowser(TestOrangHRM.java:25)
at Action.TestOrangHRM.closeBrowser(TestOrangHRM.java:25)
at Action.TestOrangHRM.closeBrowser(TestOrangHRM.java:25)
at Action.TestOrangHRM.closeBrowser(TestOrangHRM.java:25)
at Action.TestOrangHRM.closeBrowser(TestOrangHRM.java:25)
at Action.TestOrangHRM.closeBrowser(TestOrangHRM.java:25)
at Action.TestOrangHRM.closeBrowser(TestOrangHRM.java:25)
at Action.TestOrangHRM.closeBrowser(TestOrangHRM.java:25)
at Action.TestOrangHRM.closeBrowser(TestOrangHRM.java:25)
at Action.TestOrangHRM.closeBrowser(TestOrangHRM.java:25)
at Action.TestOrangHRM.closeBrowser(TestOrangHRM.java:25)
at Action.TestOrangHRM.closeBrowser(TestOrangHRM.java:25)
at Action.TestOrangHRM.closeBrowser(TestOrangHRM.java:25)
at Action.TestOrangHRM.closeBrowser(TestOrangHRM.java:25)
at Action.TestOrangHRM.closeBrowser(TestOrangHRM.java:25)
at Action.TestOrangHRM.closeBrowser(TestOrangHRM.java:25)
at Action.TestOrangHRM.closeBrowser(TestOrangHRM.java:25)
at Action.TestOrangHRM.closeBrowser(TestOrangHRM.java:25)
at Action.TestOrangHRM.closeBrowser(TestOrangHRM.java:25)
at Action.TestOrangHRM.closeBrowser(TestOrangHRM.java:25)
at Action.TestOrangHRM.closeBrowser(TestOrangHRM.java:25)
at Action.TestOrangHRM.closeBrowser(TestOrangHRM.java:25)
at Action.TestOrangHRM.closeBrowser(TestOrangHRM.java:25)
at Action.TestOrangHRM.closeBrowser(TestOrangHRM.java:25)
at Action.TestOrangHRM.closeBrowser(TestOrangHRM.java:25)
at Action.TestOrangHRM.closeBrowser(TestOrangHRM.java:25)
at Action.TestOrangHRM.closeBrowser(TestOrangHRM.java:25)
at Action.TestOrangHRM.closeBrowser(TestOrangHRM.java:25)
at Action.TestOrangHRM.closeBrowser(TestOrangHRM.java:25)
at Action.TestOrangHRM.closeBrowser(TestOrangHRM.java:25)
at Action.TestOrangHRM.closeBrowser(TestOrangHRM.java:25)
at Action.TestOrangHRM.closeBrowser(TestOrangHRM.java:25)
at Action.TestOrangHRM.closeBrowser(TestOrangHRM.java:25)
at Action.TestOrangHRM.closeBrowser(TestOrangHRM.java:25)
at Action.TestOrangHRM.closeBrowser(TestOrangHRM.java:25)
at Action.TestOrangHRM.closeBrowser(TestOrangHRM.java:25)
at Action.TestOrangHRM.closeBrowser(TestOrangHRM.java:25)
at Action.TestOrangHRM.closeBrowser(TestOrangHRM.java:25)
at Action.TestOrangHRM.closeBrowser(TestOrangHRM.java:25)
at Action.TestOrangHRM.closeBrowser(TestOrangHRM.java:25)
at Action.TestOrangHRM.closeBrowser(TestOrangHRM.java:25)
at Action.TestOrangHRM.closeBrowser(TestOrangHRM.java:25)
at Action.TestOrangHRM.closeBrowser(TestOrangHRM.java:25)
at Action.TestOrangHRM.closeBrowser(TestOrangHRM.java:25)
at Action.TestOrangHRM.closeBrowser(TestOrangHRM.java:25)
at Action.TestOrangHRM.closeBrowser(TestOrangHRM.java:25)
at Action.TestOrangHRM.closeBrowser(TestOrangHRM.java:25)
at Action.TestOrangHRM.closeBrowser(TestOrangHRM.java:25)
at Action.TestOrangHRM.closeBrowser(TestOrangHRM.java:25)
at Action.TestOrangHRM.closeBrowser(TestOrangHRM.java:25)
at Action.TestOrangHRM.closeBrowser(TestOrangHRM.java:25)
at Action.TestOrangHRM.closeBrowser(TestOrangHRM.java:25)
at Action.TestOrangHRM.closeBrowser(TestOrangHRM.java:25)
at Action.TestOrangHRM.closeBrowser(TestOrangHRM.java:25)
at Action.TestOrangHRM.closeBrowser(TestOrangHRM.java:25)
at Action.TestOrangHRM.closeBrowser(TestOrangHRM.java:25)
at Action.TestOrangHRM.closeBrowser(TestOrangHRM.java:25)
at Action.TestOrangHRM.closeBrowser(TestOrangHRM.java:25)
at Action.TestOrangHRM.closeBrowser(TestOrangHRM.java:25)
at Action.TestOrangHRM.closeBrowser(TestOrangHRM.java:25)
at Action.TestOrangHRM.closeBrowser(TestOrangHRM.java:25)
at Action.TestOrangHRM.closeBrowser(TestOrangHRM.java:25)
at Action.TestOrangHRM.closeBrowser(TestOrangHRM.java:25)
at Action.TestOrangHRM.closeBrowser(TestOrangHRM.java:25)
at Action.TestOrangHRM.closeBrowser(TestOrangHRM.java:25)
at Action.TestOrangHRM.closeBrowser(TestOrangHRM.java:25)
at Action.TestOrangHRM.closeBrowser(TestOrangHRM.java:25)
at Action.TestOrangHRM.closeBrowser(TestOrangHRM.java:25)
at Action.TestOrangHRM.closeBrowser(TestOrangHRM.java:25)
at Action.TestOrangHRM.closeBrowser(TestOrangHRM.java:25)
at Action.TestOrangHRM.closeBrowser(TestOrangHRM.java:25)
at Action.TestOrangHRM.closeBrowser(TestOrangHRM.java:25)
at Action.TestOrangHRM.closeBrowser(TestOrangHRM.java:25)
at Action.TestOrangHRM.closeBrowser(TestOrangHRM.java:25)
at Action.TestOrangHRM.closeBrowser(TestOrangHRM.java:25)
at Action.TestOrangHRM.closeBrowser(TestOrangHRM.java:25)
at Action.TestOrangHRM.closeBrowser(TestOrangHRM.java:25)
at Action.TestOrangHRM.closeBrowser(TestOrangHRM.java:25)
at Action.TestOrangHRM.closeBrowser(TestOrangHRM.java:25)
at Action.TestOrangHRM.closeBrowser(TestOrangHRM.java:25)
at Action.TestOrangHRM.closeBrowser(TestOrangHRM.java:25)
at Action.TestOrangHRM.closeBrowser(TestOrangHRM.java:25)
at Action.TestOrangHRM.closeBrowser(TestOrangHRM.java:25)
at Action.TestOrangHRM.closeBrowser(TestOrangHRM.java:25)
at Action.TestOrangHRM.closeBrowser(TestOrangHRM.java:25)
at Action.TestOrangHRM.closeBrowser(TestOrangHRM.java:25)
at Action.TestOrangHRM.closeBrowser(TestOrangHRM.java:25)
at Action.TestOrangHRM.closeBrowser(TestOrangHRM.java:25)
at Action.TestOrangHRM.closeBrowser(TestOrangHRM.java:25)
at Action.TestOrangHRM.closeBrowser(TestOrangHRM.java:25)
at Action.TestOrangHRM.closeBrowser(TestOrangHRM.java:25)
at Action.TestOrangHRM.closeBrowser(TestOrangHRM.java:25)
at Action.TestOrangHRM.closeBrowser(TestOrangHRM.java:25)
at Action.TestOrangHRM.closeBrowser(TestOrangHRM.java:25)
at Action.TestOrangHRM.closeBrowser(TestOrangHRM.java:25)
at Action.TestOrangHRM.closeBrowser(TestOrangHRM.java:25)
at Action.TestOrangHRM.closeBrowser(TestOrangHRM.java:25)
at Action.TestOrangHRM.closeBrowser(TestOrangHRM.java:25)
at Action.TestOrangHRM.closeBrowser(TestOrangHRM.java:25)
at Action.TestOrangHRM.closeBrowser(TestOrangHRM.java:25)
at Action.TestOrangHRM.closeBrowser(TestOrangHRM.java:25)
at Action.TestOrangHRM.closeBrowser(TestOrangHRM.java:25)
at Action.TestOrangHRM.closeBrowser(TestOrangHRM.java:25)
at Action.TestOrangHRM.closeBrowser(TestOrangHRM.java:25)
at Action.TestOrangHRM.closeBrowser(TestOrangHRM.java:25)
at Action.TestOrangHRM.closeBrowser(TestOrangHRM.java:25)
at Action.TestOrangHRM.closeBrowser(TestOrangHRM.java:25)
at Action.TestOrangHRM.closeBrowser(TestOrangHRM.java:25)
at Action.TestOrangHRM.closeBrowser(TestOrangHRM.java:25)
at Action.TestOrangHRM.closeBrowser(TestOrangHRM.java:25)
at Action.TestOrangHRM.closeBrowser(TestOrangHRM.java:25)
at Action.TestOrangHRM.closeBrowser(TestOrangHRM.java:25)
at Action.TestOrangHRM.closeBrowser(TestOrangHRM.java:25)
at Action.TestOrangHRM.closeBrowser(TestOrangHRM.java:25)
at Action.TestOrangHRM.closeBrowser(TestOrangHRM.java:25)
at Action.TestOrangHRM.closeBrowser(TestOrangHRM.java:25)
at Action.TestOrangHRM.closeBrowser(TestOrangHRM.java:25)
at Action.TestOrangHRM.closeBrowser(TestOrangHRM.java:25)
at Action.TestOrangHRM.closeBrowser(TestOrangHRM.java:25)
at Action.TestOrangHRM.closeBrowser(TestOrangHRM.java:25)
at Action.TestOrangHRM.closeBrowser(TestOrangHRM.java:25)
at Action.TestOrangHRM.closeBrowser(TestOrangHRM.java:25)
at Action.TestOrangHRM.closeBrowser(TestOrangHRM.java:25)
at Action.TestOrangHRM.closeBrowser(TestOrangHRM.java:25)
at Action.TestOrangHRM.closeBrowser(TestOrangHRM.java:25)
at Action.TestOrangHRM.closeBrowser(TestOrangHRM.java:25)
at Action.TestOrangHRM.closeBrowser(TestOrangHRM.java:25)
at Action.TestOrangHRM.closeBrowser(TestOrangHRM.java:25)
at Action.TestOrangHRM.closeBrowser(TestOrangHRM.java:25)
at Action.TestOrangHRM.closeBrowser(TestOrangHRM.java:25)
at Action.TestOrangHRM.closeBrowser(TestOrangHRM.java:25)
at Action.TestOrangHRM.closeBrowser(TestOrangHRM.java:25)
at Action.TestOrangHRM.closeBrowser(TestOrangHRM.java:25)
at Action.TestOrangHRM.closeBrowser(TestOrangHRM.java:25)
at Action.TestOrangHRM.closeBrowser(TestOrangHRM.java:25)
at Action.TestOrangHRM.closeBrowser(TestOrangHRM.java:25)
at Action.TestOrangHRM.closeBrowser(TestOrangHRM.java:25)
at Action.TestOrangHRM.closeBrowser(TestOrangHRM.java:25)
at Action.TestOrangHRM.closeBrowser(TestOrangHRM.java:25)
at Action.TestOrangHRM.closeBrowser(TestOrangHRM.java:25)
at Action.TestOrangHRM.closeBrowser(TestOrangHRM.java:25)
at Action.TestOrangHRM.closeBrowser(TestOrangHRM.java:25)
at Action.TestOrangHRM.closeBrowser(TestOrangHRM.java:25)
at Action.TestOrangHRM.closeBrowser(TestOrangHRM.java:25)
at Action.TestOrangHRM.closeBrowser(TestOrangHRM.java:25)
at Action.TestOrangHRM.closeBrowser(TestOrangHRM.java:25)
at Action.TestOrangHRM.closeBrowser(TestOrangHRM.java:25)
at Action.TestOrangHRM.closeBrowser(TestOrangHRM.java:25)
at Action.TestOrangHRM.closeBrowser(TestOrangHRM.java:25)
at Action.TestOrangHRM.closeBrowser(TestOrangHRM.java:25)
at Action.TestOrangHRM.closeBrowser(TestOrangHRM.java:25)
at Action.TestOrangHRM.closeBrowser(TestOrangHRM.java:25)
at Action.TestOrangHRM.closeBrowser(TestOrangHRM.java:25)
at Action.TestOrangHRM.closeBrowser(TestOrangHRM.java:25)
at Action.TestOrangHRM.closeBrowser(TestOrangHRM.java:25)
at Action.TestOrangHRM.closeBrowser(TestOrangHRM.java:25)
at Action.TestOrangHRM.closeBrowser(TestOrangHRM.java:25)
at Action.TestOrangHRM.closeBrowser(TestOrangHRM.java:25)
at Action.TestOrangHRM.closeBrowser(TestOrangHRM.java:25)
at Action.TestOrangHRM.closeBrowser(TestOrangHRM.java:25)
at Action.TestOrangHRM.closeBrowser(TestOrangHRM.java:25)
at Action.TestOrangHRM.closeBrowser(TestOrangHRM.java:25)
at Action.TestOrangHRM.closeBrowser(TestOrangHRM.java:25)
at Action.TestOrangHRM.closeBrowser(TestOrangHRM.java:25)
at Action.TestOrangHRM.closeBrowser(TestOrangHRM.java:25)
at Action.TestOrangHRM.closeBrowser(TestOrangHRM.java:25)
]]>
    </error>
  </testcase> <!-- closeBrowser -->
</testsuite> <!-- Action.TestOrangHRM -->
