<?xml version="1.0" encoding="UTF-8"?>
<!-- Generated by org.testng.reporters.JUnitReportReporter -->
<testsuite hostname="Khaleds-MacBook-Pro.local" failures="0" tests="1" name="JavaPlaywright.JvPw.Testng123" time="7.507" errors="0" timestamp="2024-04-23T11:03:50 EDT" skipped="0">
  <testcase classname="JavaPlaywright.JvPw.Testng123" name="orangeHRMLogin" time="7.507"/>
</testsuite> <!-- JavaPlaywright.JvPw.Testng123 -->
